<?xml version="1.0" encoding="UTF-8"?>
<!-- Generated by org.testng.reporters.JUnitXMLReporter -->
<testsuite hostname="sai" ignored="0" name="Firefox" tests="1" failures="1" timestamp="31 Dec 2017 05:46:57 GMT" time="27.32" errors="0">
  <testcase name="TestTabLinkFunction" time="4.621" classname="POM.Pegasus.TestSelenium">
    <failure type="java.lang.AssertionError" message="expected [Content 1 Title] but found []">
      <![CDATA[java.lang.AssertionError: expected [Content 1 Title] but found []
	at com.DemoQa.HomePage.ClickAndAssertTabFunction(HomePage.java:45)
	at POM.Pegasus.TestSelenium.TestTabLinkFunction(TestSelenium.java:37)
	at java.util.concurrent.FutureTask.run(FutureTask.java:266)
	at java.util.concurrent.ThreadPoolExecutor.runWorker(ThreadPoolExecutor.java:1142)
	at java.util.concurrent.ThreadPoolExecutor$Worker.run(ThreadPoolExecutor.java:617)
	at java.lang.Thread.run(Thread.java:745)
... Removed 22 stack frames]]>
    </failure>
  </testcase> <!-- TestTabLinkFunction -->
</testsuite> <!-- Firefox -->
